<?xml version="1.0" encoding="UTF-8"?>
<!-- Generated by org.testng.reporters.JUnitReportReporter -->
<testsuite hostname="DESKTOP-VN1V6RC" failures="0" tests="1" name="gitPackage.gitClass" time="0.010" errors="0" timestamp="2020-08-11T14:27:23 PKT" skipped="0">
  <testcase classname="gitPackage.gitClass" name="test" time="0.010"/>
  <system-out/>
</testsuite> <!-- gitPackage.gitClass -->
